Build started 15.03.2017 16:21:57.
     1>Project "D:\VSProjects\Server\Server\Server.vcxproj" on node 2 (build target(s)).
     1>PrepareForBuild:
         Creating directory "D:\VSProjects\Server\Debug\".
       InitializeBuildStatus:
         Creating "Debug\Server.unsuccessfulbuild" because "AlwaysCreate" was specified.
       ClCompile:
         C:\Program Files (x86)\Microsoft Visual Studio 10.0\VC\bin\CL.exe /c /ZI /nologo /W3 /WX- /Od /Oy- /D WIN32 /D _DEBUG /D _CONSOLE /Gm /EHsc /RTC1 /MDd /GS /fp:precise /Zc:wchar_t /Zc:forScope /Yc"StdAfx.h" /Fp"Debug\Server.pch" /Fo"Debug\\" /Fd"Debug\vc100.pdb" /Gd /TP /analyze- /errorReport:prompt stdafx.cpp
         stdafx.cpp
         C:\Program Files (x86)\Microsoft Visual Studio 10.0\VC\bin\CL.exe /c /ZI /nologo /W3 /WX- /Od /Oy- /D WIN32 /D _DEBUG /D _CONSOLE /Gm /EHsc /RTC1 /MDd /GS /fp:precise /Zc:wchar_t /Zc:forScope /Yu"StdAfx.h" /Fp"Debug\Server.pch" /Fo"Debug\\" /Fd"Debug\vc100.pdb" /Gd /TP /analyze- /errorReport:prompt Server.cpp
         Server.cpp
       ManifestResourceCompile:
         C:\Program Files (x86)\Microsoft SDKs\Windows\v7.0A\bin\rc.exe /nologo /fo"Debug\Server.exe.embed.manifest.res" Debug\Server_manifest.rc 
       Link:
         C:\Program Files (x86)\Microsoft Visual Studio 10.0\VC\bin\link.exe /ERRORREPORT:PROMPT /OUT:"D:\VSProjects\Server\Debug\Server.exe" /INCREMENTAL /NOLOGO /LIBPATH:C:\Users\gekasat\Downloads\boost_1_63_0\boost_1_63_0\stage\lib kernel32.lib user32.lib gdi32.lib winspool.lib comdlg32.lib advapi32.lib shell32.lib ole32.lib oleaut32.lib uuid.lib odbc32.lib odbccp32.lib /MANIFEST /ManifestFile:"Debug\Server.exe.intermediate.manifest" /MANIFESTUAC:"level='asInvoker' uiAccess='false'" /DEBUG /PDB:"D:\VSProjects\Server\Debug\Server.pdb" /SUBSYSTEM:CONSOLE /TLBID:1 /DYNAMICBASE /NXCOMPAT /IMPLIB:"D:\VSProjects\Server\Debug\Server.lib" /MACHINE:X86 Debug\Server.exe.embed.manifest.res
         Debug\Server.obj
         Debug\stdafx.obj
       Manifest:
         C:\Program Files (x86)\Microsoft SDKs\Windows\v7.0A\bin\mt.exe /nologo /verbose /out:"Debug\Server.exe.embed.manifest" /manifest Debug\Server.exe.intermediate.manifest
         C:\Program Files (x86)\Microsoft SDKs\Windows\v7.0A\bin\rc.exe /nologo /fo"Debug\Server.exe.embed.manifest.res" Debug\Server_manifest.rc 
       LinkEmbedManifest:
         C:\Program Files (x86)\Microsoft Visual Studio 10.0\VC\bin\link.exe /ERRORREPORT:PROMPT /OUT:"D:\VSProjects\Server\Debug\Server.exe" /INCREMENTAL /NOLOGO /LIBPATH:C:\Users\gekasat\Downloads\boost_1_63_0\boost_1_63_0\stage\lib kernel32.lib user32.lib gdi32.lib winspool.lib comdlg32.lib advapi32.lib shell32.lib ole32.lib oleaut32.lib uuid.lib odbc32.lib odbccp32.lib /MANIFEST /ManifestFile:"Debug\Server.exe.intermediate.manifest" /MANIFESTUAC:"level='asInvoker' uiAccess='false'" /DEBUG /PDB:"D:\VSProjects\Server\Debug\Server.pdb" /SUBSYSTEM:CONSOLE /TLBID:1 /DYNAMICBASE /NXCOMPAT /IMPLIB:"D:\VSProjects\Server\Debug\Server.lib" /MACHINE:X86 Debug\Server.exe.embed.manifest.res
         Debug\Server.obj
         Debug\stdafx.obj
         Server.vcxproj -> D:\VSProjects\Server\Debug\Server.exe
       FinalizeBuildStatus:
         Deleting file "Debug\Server.unsuccessfulbuild".
         Touching "Debug\Server.lastbuildstate".
     1>Done Building Project "D:\VSProjects\Server\Server\Server.vcxproj" (build target(s)).

Build succeeded.

Time Elapsed 00:00:07.08
